============================= test session starts =============================
platform win32 -- Python 3.12.2, pytest-9.0.2, pluggy-1.6.0 -- c:\Users\Daniel\OneDrive\Desktop\AgentsTests\Facebook-AI-Finder\.venv\Scripts\python.exe
cachedir: .pytest_cache
rootdir: c:\Users\Daniel\OneDrive\Desktop\AgentsTests\Facebook-AI-Finder
plugins: anyio-4.12.1
collecting ... collected 23 items

tests/test_ai_service_resilience.py::AIServiceResilienceTests::test_build_default_client_supports_gemini_provider PASSED [  4%]
tests/test_ai_service_resilience.py::AIServiceResilienceTests::test_build_default_client_uses_groq_provider PASSED [  8%]
tests/test_ai_service_resilience.py::AIServiceResilienceTests::test_fallback_after_all_attempts_fail PASSED [ 13%]
tests/test_ai_service_resilience.py::AIServiceResilienceTests::test_retries_then_success_without_fallback PASSED [ 17%]
tests/test_browser_session_manager.py::BrowserSessionManagerTests::test_open_rejects_default_chrome_user_data_root PASSED [ 21%]
tests/test_browser_session_manager.py::BrowserSessionManagerTests::test_open_requires_chrome_profile_directory PASSED [ 26%]
tests/test_browser_session_manager.py::BrowserSessionManagerTests::test_open_requires_chrome_user_data_dir PASSED [ 30%]
tests/test_browser_session_manager.py::BrowserSessionManagerTests::test_open_requires_existing_profile_directory PASSED [ 34%]
tests/test_browser_session_manager.py::BrowserSessionManagerTests::test_open_uses_chrome_persistent_context_with_profile_directory PASSED [ 39%]
tests/test_facebook_access_layer.py::FacebookLoginStateDetectorTests::test_detects_blank_page_as_not_logged_in PASSED [ 43%]
tests/test_facebook_access_layer.py::FacebookLoginStateDetectorTests::test_detects_checkpoint_as_not_logged_in PASSED [ 47%]
tests/test_facebook_access_layer.py::FacebookLoginStateDetectorTests::test_detects_logged_in_when_auth_cookies_exist PASSED [ 52%]
tests/test_facebook_access_layer.py::FacebookLoginStateDetectorTests::test_detects_login_page_as_not_logged_in PASSED [ 56%]
tests/test_facebook_access_layer.py::FacebookAccessAdapterTests::test_authenticated_session_raises_when_not_logged_in PASSED [ 60%]
tests/test_facebook_access_layer.py::FacebookAccessAdapterTests::test_authenticated_session_yields_when_logged_in PASSED [ 65%]
tests/test_marketplace_parsing.py::MarketplaceParsingTests::test_page_title_fallback_extracts_listing_title PASSED [ 69%]
tests/test_marketplace_parsing.py::MarketplaceParsingTests::test_parse_card_text_extracts_price_title_and_region PASSED [ 73%]
tests/test_pipeline_stability.py::PipelineStabilityTests::test_initial_filter_accepts_partial_query_term_match PASSED [ 78%]
tests/test_pipeline_stability.py::PipelineStabilityTests::test_initial_filter_keeps_marketplace_item_when_card_text_is_weak PASSED [ 82%]
tests/test_pipeline_stability.py::PipelineStabilityTests::test_pipeline_continues_after_non_fatal_post_error PASSED [ 86%]
tests/test_pipeline_stability.py::PipelineStabilityTests::test_pipeline_stops_when_continue_on_post_error_disabled PASSED [ 91%]
tests/test_run_history_store.py::RunHistoryStoreTests::test_bad_history_payload_falls_back_to_empty PASSED [ 95%]
tests/test_run_history_store.py::RunHistoryStoreTests::test_save_and_load_sorted_runs PASSED [100%]

============================= 23 passed in 0.30s ==============================
